<?xml version="1.0" encoding="UTF-8"?>
<testng-results skipped="0" failed="0" ignored="0" total="2" passed="2">
  <reporter-output>
    <line>
      <![CDATA[Setting up reports and test is getting ready]]>
    </line>
    <line>
      <![CDATA[Setting Done - Test can be started]]>
    </line>
    <line>
      <![CDATA[Tring to start Broswser and Getting application ready]]>
    </line>
    <line>
      <![CDATA[Browser and application is up and running ]]>
    </line>
    <line>
      <![CDATA[Test is about to end]]>
    </line>
    <line>
      <![CDATA[Test completed >> Report Generated]]>
    </line>
    <line>
      <![CDATA[Test is about to end]]>
    </line>
    <line>
      <![CDATA[Test completed >> Report Generated]]>
    </line>
  </reporter-output>
  <suite name="Suite" duration-ms="160556" started-at="2022-01-23T06:18:18Z" finished-at="2022-01-23T06:20:59Z">
    <groups>
    </groups>
    <test name="Test" duration-ms="160556" started-at="2022-01-23T06:18:18Z" finished-at="2022-01-23T06:20:59Z">
      <class name="com.Appmaker.TestCases.CRM_Template">
        <test-method status="PASS" signature="setUpexcelSuite()[pri:0, instance:com.Appmaker.TestCases.CRM_Template@78c03f1f]" name="setUpexcelSuite" is-config="true" duration-ms="634" started-at="2022-01-23T06:18:18Z" finished-at="2022-01-23T06:18:18Z">
          <reporter-output>
            <line>
              <![CDATA[Setting up reports and test is getting ready]]>
            </line>
            <line>
              <![CDATA[Setting Done - Test can be started]]>
            </line>
          </reporter-output>
        </test-method> <!-- setUpexcelSuite -->
        <test-method status="PASS" signature="setup()[pri:0, instance:com.Appmaker.TestCases.CRM_Template@78c03f1f]" name="setup" is-config="true" duration-ms="7653" started-at="2022-01-23T06:18:18Z" finished-at="2022-01-23T06:18:26Z">
          <reporter-output>
            <line>
              <![CDATA[Tring to start Broswser and Getting application ready]]>
            </line>
            <line>
              <![CDATA[Browser and application is up and running ]]>
            </line>
          </reporter-output>
        </test-method> <!-- setup -->
        <test-method status="PASS" signature="LogintoApplication()[pri:1, instance:com.Appmaker.TestCases.CRM_Template@78c03f1f]" name="LogintoApplication" duration-ms="71276" started-at="2022-01-23T06:18:26Z" finished-at="2022-01-23T06:19:37Z">
          <reporter-output>
          </reporter-output>
        </test-method> <!-- LogintoApplication -->
        <test-method status="PASS" signature="tearDownMethod(org.testng.ITestResult)[pri:0, instance:com.Appmaker.TestCases.CRM_Template@78c03f1f]" name="tearDownMethod" is-config="true" duration-ms="347" started-at="2022-01-23T06:19:37Z" finished-at="2022-01-23T06:19:38Z">
          <params>
            <param index="0">
              <value>
                <![CDATA[[TestResult name=LogintoApplication status=SUCCESS method=CRM_Template.LogintoApplication()[pri:1, instance:com.Appmaker.TestCases.CRM_Template@78c03f1f] output={null}]]]>
              </value>
            </param>
          </params>
          <reporter-output>
            <line>
              <![CDATA[Test is about to end]]>
            </line>
            <line>
              <![CDATA[Test completed >> Report Generated]]>
            </line>
          </reporter-output>
        </test-method> <!-- tearDownMethod -->
        <test-method status="PASS" signature="createNewCRMapp()[pri:2, instance:com.Appmaker.TestCases.CRM_Template@78c03f1f]" name="createNewCRMapp" duration-ms="81137" started-at="2022-01-23T06:19:38Z" finished-at="2022-01-23T06:20:59Z">
          <reporter-output>
          </reporter-output>
        </test-method> <!-- createNewCRMapp -->
        <test-method status="PASS" signature="tearDownMethod(org.testng.ITestResult)[pri:0, instance:com.Appmaker.TestCases.CRM_Template@78c03f1f]" name="tearDownMethod" is-config="true" duration-ms="130" started-at="2022-01-23T06:20:59Z" finished-at="2022-01-23T06:20:59Z">
          <params>
            <param index="0">
              <value>
                <![CDATA[[TestResult name=createNewCRMapp status=SUCCESS method=CRM_Template.createNewCRMapp()[pri:2, instance:com.Appmaker.TestCases.CRM_Template@78c03f1f] output={null}]]]>
              </value>
            </param>
          </params>
          <reporter-output>
            <line>
              <![CDATA[Test is about to end]]>
            </line>
            <line>
              <![CDATA[Test completed >> Report Generated]]>
            </line>
          </reporter-output>
        </test-method> <!-- tearDownMethod -->
      </class> <!-- com.Appmaker.TestCases.CRM_Template -->
    </test> <!-- Test -->
  </suite> <!-- Suite -->
</testng-results>
