<?xml version="1.0" encoding="UTF-8"?>
<testng-results skipped="0" failed="0" ignored="0" total="2" passed="2">
  <reporter-output>
    <line>
      <![CDATA[Setting up reports and test is getting ready]]>
    </line>
    <line>
      <![CDATA[Setting Done - Test can be started]]>
    </line>
    <line>
      <![CDATA[Tring to start Broswser and Getting application ready]]>
    </line>
    <line>
      <![CDATA[Browser and application is up and running ]]>
    </line>
    <line>
      <![CDATA[Test is about to end]]>
    </line>
    <line>
      <![CDATA[Test completed >> Report Generated]]>
    </line>
    <line>
      <![CDATA[Test is about to end]]>
    </line>
    <line>
      <![CDATA[Test completed >> Report Generated]]>
    </line>
  </reporter-output>
  <suite name="Default suite" duration-ms="160662" started-at="2022-01-23T03:59:40Z" finished-at="2022-01-23T04:02:20Z">
    <groups>
    </groups>
    <test name="Default test" duration-ms="160662" started-at="2022-01-23T03:59:40Z" finished-at="2022-01-23T04:02:20Z">
      <class name="com.Appmaker.TestCases.CRM_Template">
        <test-method status="PASS" signature="setUpexcelSuite()[pri:0, instance:com.Appmaker.TestCases.CRM_Template@78c03f1f]" name="setUpexcelSuite" is-config="true" duration-ms="555" started-at="2022-01-23T03:59:39Z" finished-at="2022-01-23T03:59:40Z">
          <reporter-output>
            <line>
              <![CDATA[Setting up reports and test is getting ready]]>
            </line>
            <line>
              <![CDATA[Setting Done - Test can be started]]>
            </line>
          </reporter-output>
        </test-method> <!-- setUpexcelSuite -->
        <test-method status="PASS" signature="setup()[pri:0, instance:com.Appmaker.TestCases.CRM_Template@78c03f1f]" name="setup" is-config="true" duration-ms="7330" started-at="2022-01-23T03:59:40Z" finished-at="2022-01-23T03:59:47Z">
          <reporter-output>
            <line>
              <![CDATA[Tring to start Broswser and Getting application ready]]>
            </line>
            <line>
              <![CDATA[Browser and application is up and running ]]>
            </line>
          </reporter-output>
        </test-method> <!-- setup -->
        <test-method status="PASS" signature="LogintoApplication()[pri:1, instance:com.Appmaker.TestCases.CRM_Template@78c03f1f]" name="LogintoApplication" duration-ms="71697" started-at="2022-01-23T03:59:47Z" finished-at="2022-01-23T04:00:59Z">
          <reporter-output>
          </reporter-output>
        </test-method> <!-- LogintoApplication -->
        <test-method status="PASS" signature="tearDownMethod(org.testng.ITestResult)[pri:0, instance:com.Appmaker.TestCases.CRM_Template@78c03f1f]" name="tearDownMethod" is-config="true" duration-ms="305" started-at="2022-01-23T04:00:59Z" finished-at="2022-01-23T04:00:59Z">
          <params>
            <param index="0">
              <value>
                <![CDATA[[TestResult name=LogintoApplication status=SUCCESS method=CRM_Template.LogintoApplication()[pri:1, instance:com.Appmaker.TestCases.CRM_Template@78c03f1f] output={null}]]]>
              </value>
            </param>
          </params>
          <reporter-output>
            <line>
              <![CDATA[Test is about to end]]>
            </line>
            <line>
              <![CDATA[Test completed >> Report Generated]]>
            </line>
          </reporter-output>
        </test-method> <!-- tearDownMethod -->
        <test-method status="PASS" signature="createNewCRMapp()[pri:2, instance:com.Appmaker.TestCases.CRM_Template@78c03f1f]" name="createNewCRMapp" duration-ms="81200" started-at="2022-01-23T04:00:59Z" finished-at="2022-01-23T04:02:20Z">
          <reporter-output>
          </reporter-output>
        </test-method> <!-- createNewCRMapp -->
        <test-method status="PASS" signature="tearDownMethod(org.testng.ITestResult)[pri:0, instance:com.Appmaker.TestCases.CRM_Template@78c03f1f]" name="tearDownMethod" is-config="true" duration-ms="116" started-at="2022-01-23T04:02:20Z" finished-at="2022-01-23T04:02:20Z">
          <params>
            <param index="0">
              <value>
                <![CDATA[[TestResult name=createNewCRMapp status=SUCCESS method=CRM_Template.createNewCRMapp()[pri:2, instance:com.Appmaker.TestCases.CRM_Template@78c03f1f] output={null}]]]>
              </value>
            </param>
          </params>
          <reporter-output>
            <line>
              <![CDATA[Test is about to end]]>
            </line>
            <line>
              <![CDATA[Test completed >> Report Generated]]>
            </line>
          </reporter-output>
        </test-method> <!-- tearDownMethod -->
      </class> <!-- com.Appmaker.TestCases.CRM_Template -->
    </test> <!-- Default test -->
  </suite> <!-- Default suite -->
</testng-results>
